<?xml version="1.0" encoding="UTF-8"?>
<!-- Generated by org.testng.reporters.JUnitReportReporter -->
<testsuite ignored="1" hostname="macs-Air.lan" failures="0" tests="3" name="com.qmetry.qaf.automation.step.client.DataDrivenScenario" time="63.922" errors="0" timestamp="09 Oct 2023 02:38:45 GMT" skipped="0">
  <testcase classname="com.qmetry.qaf.automation.step.client.DataDrivenScenario" name="Validate One Way Booking" time="25.824"/>
  <testcase classname="com.qmetry.qaf.automation.step.client.DataDrivenScenario" name="Validate One Way Booking" time="18.323"/>
  <testcase classname="com.qmetry.qaf.automation.step.client.DataDrivenScenario" name="Validate One Way Booking" time="19.775"/>
  <testcase classname="com.qmetry.qaf.automation.step.client.DataDrivenScenario" name="Validate One Way Booking">
    <skipped/>
  </testcase> <!-- Validate One Way Booking -->
</testsuite> <!-- com.qmetry.qaf.automation.step.client.DataDrivenScenario -->
