<?xml version="1.0" encoding="UTF-8"?>
<!-- Generated by org.testng.reporters.JUnitReportReporter -->
<testsuite ignored="0" hostname="macs-Air.lan" failures="0" tests="1" name="com.qmetry.qaf.automation.step.client.Scenario" time="0.464" errors="0" timestamp="09 Nov 2023 23:45:38 GMT" skipped="1">
  <testcase classname="com.qmetry.qaf.automation.step.client.Scenario" name="Validate browser drivers" time="0.464">
    <skipped/>
  </testcase> <!-- Validate browser drivers -->
</testsuite> <!-- com.qmetry.qaf.automation.step.client.Scenario -->
