<?xml version="1.0" encoding="UTF-8"?>
<!-- Generated by org.testng.reporters.JUnitReportReporter -->
<testsuite ignored="1" hostname="macs-MacBook-Air.local" failures="0" tests="1" name="com.qmetry.qaf.automation.step.client.DataDrivenScenario" time="9.970" errors="0" timestamp="08 Nov 2023 16:42:07 GMT" skipped="0">
  <testcase classname="com.qmetry.qaf.automation.step.client.DataDrivenScenario" name="Validate user can login with valid credential" time="9.970"/>
  <testcase classname="com.qmetry.qaf.automation.step.client.DataDrivenScenario" name="Validate user can login with valid credential">
    <skipped/>
  </testcase> <!-- Validate user can login with valid credential -->
</testsuite> <!-- com.qmetry.qaf.automation.step.client.DataDrivenScenario -->
